The system is: Linux - 4.19.84_1 - x86_64
Compiling the CXX compiler identification source file "CMakeCXXCompilerId.cpp" succeeded.
Compiler: /bin/g++ 
Build flags: 
Id flags:  

The output was:
0


Compilation of the CXX compiler identification source "CMakeCXXCompilerId.cpp" produced "a.out"

The CXX compiler identification is GNU, found in "/home/ouji/build-DIscord-encryption-gui-Desktop-Minimum-Size-Release/CMakeFiles/3.15.5/CompilerIdCXX/a.out"

Determining if the CXX compiler works passed with the following output:
Change Dir: /home/ouji/build-DIscord-encryption-gui-Desktop-Minimum-Size-Release/CMakeFiles/CMakeTmp

Run Build Command(s):/usr/bin/make cmTC_55995/fast && /usr/bin/make -f CMakeFiles/cmTC_55995.dir/build.make CMakeFiles/cmTC_55995.dir/build
make[1]: Entering directory '/home/ouji/build-DIscord-encryption-gui-Desktop-Minimum-Size-Release/CMakeFiles/CMakeTmp'
Building CXX object CMakeFiles/cmTC_55995.dir/testCXXCompiler.cxx.o
/bin/g++     -o CMakeFiles/cmTC_55995.dir/testCXXCompiler.cxx.o -c /home/ouji/build-DIscord-encryption-gui-Desktop-Minimum-Size-Release/CMakeFiles/CMakeTmp/testCXXCompiler.cxx
Linking CXX executable cmTC_55995
/usr/bin/cmake -E cmake_link_script CMakeFiles/cmTC_55995.dir/link.txt --verbose=1
/bin/g++       CMakeFiles/cmTC_55995.dir/testCXXCompiler.cxx.o  -o cmTC_55995 
make[1]: Leaving directory '/home/ouji/build-DIscord-encryption-gui-Desktop-Minimum-Size-Release/CMakeFiles/CMakeTmp'



Detecting CXX compiler ABI info compiled with the following output:
Change Dir: /home/ouji/build-DIscord-encryption-gui-Desktop-Minimum-Size-Release/CMakeFiles/CMakeTmp

Run Build Command(s):/usr/bin/make cmTC_6cdac/fast && /usr/bin/make -f CMakeFiles/cmTC_6cdac.dir/build.make CMakeFiles/cmTC_6cdac.dir/build
make[1]: Entering directory '/home/ouji/build-DIscord-encryption-gui-Desktop-Minimum-Size-Release/CMakeFiles/CMakeTmp'
Building CXX object CMakeFiles/cmTC_6cdac.dir/CMakeCXXCompilerABI.cpp.o
/bin/g++    -v -o CMakeFiles/cmTC_6cdac.dir/CMakeCXXCompilerABI.cpp.o -c /usr/share/cmake-3.15/Modules/CMakeCXXCompilerABI.cpp
Using built-in specs.
COLLECT_GCC=/bin/g++
Target: x86_64-unknown-linux-gnu
Configured with: /builddir/gcc-9.2.0/configure --build=x86_64-unknown-linux-gnu --enable-fast-character --enable-vtable-verify --prefix=/usr --mandir=/usr/share/man --infodir=/usr/share/info --libexecdir=/usr/lib --libdir=/usr/lib --enable-threads=posix --enable-__cxa_atexit --disable-multilib --with-system-zlib --enable-shared --enable-lto --enable-plugins --enable-linker-build-id --disable-werror --disable-nls --enable-default-pie --enable-default-ssp --enable-checking=release --disable-libstdcxx-pch --with-isl --with-linker-hash-style=gnu --disable-libunwind-exceptions --disable-target-libiberty --enable-serial-configure --enable-languages=c,c++,objc,obj-c++,fortran,lto,go,ada
Thread model: posix
gcc version 9.2.0 (GCC) 
COLLECT_GCC_OPTIONS='-v' '-o' 'CMakeFiles/cmTC_6cdac.dir/CMakeCXXCompilerABI.cpp.o' '-c' '-shared-libgcc' '-mtune=generic' '-march=x86-64'
 /usr/lib/gcc/x86_64-unknown-linux-gnu/9.2.0/cc1plus -quiet -v -D_GNU_SOURCE /usr/share/cmake-3.15/Modules/CMakeCXXCompilerABI.cpp -quiet -dumpbase CMakeCXXCompilerABI.cpp -mtune=generic -march=x86-64 -auxbase-strip CMakeFiles/cmTC_6cdac.dir/CMakeCXXCompilerABI.cpp.o -version -o /tmp/cciIcWbT.s
GNU C++14 (GCC) version 9.2.0 (x86_64-unknown-linux-gnu)
	compiled by GNU C version 9.2.0, GMP version 6.1.2, MPFR version 4.0.2, MPC version 1.1.0, isl version isl-0.21-GMP

GGC heuristics: --param ggc-min-expand=100 --param ggc-min-heapsize=131072
ignoring nonexistent directory "/usr/lib/gcc/x86_64-unknown-linux-gnu/9.2.0/../../../../x86_64-unknown-linux-gnu/include"
#include "..." search starts here:
#include <...> search starts here:
 /usr/lib/gcc/x86_64-unknown-linux-gnu/9.2.0/../../../../include/c++/9.2.0
 /usr/lib/gcc/x86_64-unknown-linux-gnu/9.2.0/../../../../include/c++/9.2.0/x86_64-unknown-linux-gnu
 /usr/lib/gcc/x86_64-unknown-linux-gnu/9.2.0/../../../../include/c++/9.2.0/backward
 /usr/lib/gcc/x86_64-unknown-linux-gnu/9.2.0/include
 /usr/local/include
 /usr/lib/gcc/x86_64-unknown-linux-gnu/9.2.0/include-fixed
 /usr/include
End of search list.
GNU C++14 (GCC) version 9.2.0 (x86_64-unknown-linux-gnu)
	compiled by GNU C version 9.2.0, GMP version 6.1.2, MPFR version 4.0.2, MPC version 1.1.0, isl version isl-0.21-GMP

GGC heuristics: --param ggc-min-expand=100 --param ggc-min-heapsize=131072
Compiler executable checksum: 5ec41adeaaf96eb817b66844eac8986a
COLLECT_GCC_OPTIONS='-v' '-o' 'CMakeFiles/cmTC_6cdac.dir/CMakeCXXCompilerABI.cpp.o' '-c' '-shared-libgcc' '-mtune=generic' '-march=x86-64'
 as -v --64 -o CMakeFiles/cmTC_6cdac.dir/CMakeCXXCompilerABI.cpp.o /tmp/cciIcWbT.s
GNU assembler version 2.33.1 (x86_64-unknown-linux-gnu) using BFD version (GNU Binutils) 2.33.1
COMPILER_PATH=/usr/lib/gcc/x86_64-unknown-linux-gnu/9.2.0/:/usr/lib/gcc/x86_64-unknown-linux-gnu/9.2.0/:/usr/lib/gcc/x86_64-unknown-linux-gnu/:/usr/lib/gcc/x86_64-unknown-linux-gnu/9.2.0/:/usr/lib/gcc/x86_64-unknown-linux-gnu/
LIBRARY_PATH=/usr/lib/gcc/x86_64-unknown-linux-gnu/9.2.0/:/usr/lib/gcc/x86_64-unknown-linux-gnu/9.2.0/../../../../lib/:/lib/../lib/:/usr/lib/../lib/:/usr/lib/gcc/x86_64-unknown-linux-gnu/9.2.0/../../../:/lib/:/usr/lib/
COLLECT_GCC_OPTIONS='-v' '-o' 'CMakeFiles/cmTC_6cdac.dir/CMakeCXXCompilerABI.cpp.o' '-c' '-shared-libgcc' '-mtune=generic' '-march=x86-64'
Linking CXX executable cmTC_6cdac
/usr/bin/cmake -E cmake_link_script CMakeFiles/cmTC_6cdac.dir/link.txt --verbose=1
/bin/g++      -v CMakeFiles/cmTC_6cdac.dir/CMakeCXXCompilerABI.cpp.o  -o cmTC_6cdac 
Using built-in specs.
COLLECT_GCC=/bin/g++
COLLECT_LTO_WRAPPER=/usr/lib/gcc/x86_64-unknown-linux-gnu/9.2.0/lto-wrapper
Target: x86_64-unknown-linux-gnu
Configured with: /builddir/gcc-9.2.0/configure --build=x86_64-unknown-linux-gnu --enable-fast-character --enable-vtable-verify --prefix=/usr --mandir=/usr/share/man --infodir=/usr/share/info --libexecdir=/usr/lib --libdir=/usr/lib --enable-threads=posix --enable-__cxa_atexit --disable-multilib --with-system-zlib --enable-shared --enable-lto --enable-plugins --enable-linker-build-id --disable-werror --disable-nls --enable-default-pie --enable-default-ssp --enable-checking=release --disable-libstdcxx-pch --with-isl --with-linker-hash-style=gnu --disable-libunwind-exceptions --disable-target-libiberty --enable-serial-configure --enable-languages=c,c++,objc,obj-c++,fortran,lto,go,ada
Thread model: posix
gcc version 9.2.0 (GCC) 
COMPILER_PATH=/usr/lib/gcc/x86_64-unknown-linux-gnu/9.2.0/:/usr/lib/gcc/x86_64-unknown-linux-gnu/9.2.0/:/usr/lib/gcc/x86_64-unknown-linux-gnu/:/usr/lib/gcc/x86_64-unknown-linux-gnu/9.2.0/:/usr/lib/gcc/x86_64-unknown-linux-gnu/
LIBRARY_PATH=/usr/lib/gcc/x86_64-unknown-linux-gnu/9.2.0/:/usr/lib/gcc/x86_64-unknown-linux-gnu/9.2.0/../../../../lib/:/lib/../lib/:/usr/lib/../lib/:/usr/lib/gcc/x86_64-unknown-linux-gnu/9.2.0/../../../:/lib/:/usr/lib/
COLLECT_GCC_OPTIONS='-v' '-o' 'cmTC_6cdac' '-shared-libgcc' '-mtune=generic' '-march=x86-64'
 /usr/lib/gcc/x86_64-unknown-linux-gnu/9.2.0/collect2 -plugin /usr/lib/gcc/x86_64-unknown-linux-gnu/9.2.0/liblto_plugin.so -plugin-opt=/usr/lib/gcc/x86_64-unknown-linux-gnu/9.2.0/lto-wrapper -plugin-opt=-fresolution=/tmp/ccAaAhzk.res -plugin-opt=-pass-through=-lgcc_s -plugin-opt=-pass-through=-lgcc -plugin-opt=-pass-through=-lc -plugin-opt=-pass-through=-lgcc_s -plugin-opt=-pass-through=-lgcc --build-id --eh-frame-hdr --hash-style=gnu -m elf_x86_64 -dynamic-linker /lib/ld-linux-x86-64.so.2 -pie -o cmTC_6cdac /usr/lib/gcc/x86_64-unknown-linux-gnu/9.2.0/../../../../lib/Scrt1.o /usr/lib/gcc/x86_64-unknown-linux-gnu/9.2.0/../../../../lib/crti.o /usr/lib/gcc/x86_64-unknown-linux-gnu/9.2.0/crtbeginS.o -L/usr/lib/gcc/x86_64-unknown-linux-gnu/9.2.0 -L/usr/lib/gcc/x86_64-unknown-linux-gnu/9.2.0/../../../../lib -L/lib/../lib -L/usr/lib/../lib -L/usr/lib/gcc/x86_64-unknown-linux-gnu/9.2.0/../../.. CMakeFiles/cmTC_6cdac.dir/CMakeCXXCompilerABI.cpp.o -lstdc++ -lm -lgcc_s -lgcc -lc -lgcc_s -lgcc /usr/lib/gcc/x86_64-unknown-linux-gnu/9.2.0/crtendS.o /usr/lib/gcc/x86_64-unknown-linux-gnu/9.2.0/../../../../lib/crtn.o
COLLECT_GCC_OPTIONS='-v' '-o' 'cmTC_6cdac' '-shared-libgcc' '-mtune=generic' '-march=x86-64'
make[1]: Leaving directory '/home/ouji/build-DIscord-encryption-gui-Desktop-Minimum-Size-Release/CMakeFiles/CMakeTmp'



Parsed CXX implicit include dir info from above output: rv=done
  found start of include info
  found start of implicit include info
    add: [/usr/lib/gcc/x86_64-unknown-linux-gnu/9.2.0/../../../../include/c++/9.2.0]
    add: [/usr/lib/gcc/x86_64-unknown-linux-gnu/9.2.0/../../../../include/c++/9.2.0/x86_64-unknown-linux-gnu]
    add: [/usr/lib/gcc/x86_64-unknown-linux-gnu/9.2.0/../../../../include/c++/9.2.0/backward]
    add: [/usr/lib/gcc/x86_64-unknown-linux-gnu/9.2.0/include]
    add: [/usr/local/include]
    add: [/usr/lib/gcc/x86_64-unknown-linux-gnu/9.2.0/include-fixed]
    add: [/usr/include]
  end of search list found
  collapse include dir [/usr/lib/gcc/x86_64-unknown-linux-gnu/9.2.0/../../../../include/c++/9.2.0] ==> [/usr/include/c++/9.2.0]
  collapse include dir [/usr/lib/gcc/x86_64-unknown-linux-gnu/9.2.0/../../../../include/c++/9.2.0/x86_64-unknown-linux-gnu] ==> [/usr/include/c++/9.2.0/x86_64-unknown-linux-gnu]
  collapse include dir [/usr/lib/gcc/x86_64-unknown-linux-gnu/9.2.0/../../../../include/c++/9.2.0/backward] ==> [/usr/include/c++/9.2.0/backward]
  collapse include dir [/usr/lib/gcc/x86_64-unknown-linux-gnu/9.2.0/include] ==> [/usr/lib/gcc/x86_64-unknown-linux-gnu/9.2.0/include]
  collapse include dir [/usr/local/include] ==> [/usr/local/include]
  collapse include dir [/usr/lib/gcc/x86_64-unknown-linux-gnu/9.2.0/include-fixed] ==> [/usr/lib/gcc/x86_64-unknown-linux-gnu/9.2.0/include-fixed]
  collapse include dir [/usr/include] ==> [/usr/include]
  implicit include dirs: [/usr/include/c++/9.2.0;/usr/include/c++/9.2.0/x86_64-unknown-linux-gnu;/usr/include/c++/9.2.0/backward;/usr/lib/gcc/x86_64-unknown-linux-gnu/9.2.0/include;/usr/local/include;/usr/lib/gcc/x86_64-unknown-linux-gnu/9.2.0/include-fixed;/usr/include]


Parsed CXX implicit link information from above output:
  link line regex: [^( *|.*[/\])(ld|CMAKE_LINK_STARTFILE-NOTFOUND|([^/\]+-)?ld|collect2)[^/\]*( |$)]
  ignore line: [Change Dir: /home/ouji/build-DIscord-encryption-gui-Desktop-Minimum-Size-Release/CMakeFiles/CMakeTmp]
  ignore line: []
  ignore line: [Run Build Command(s):/usr/bin/make cmTC_6cdac/fast && /usr/bin/make -f CMakeFiles/cmTC_6cdac.dir/build.make CMakeFiles/cmTC_6cdac.dir/build]
  ignore line: [make[1]: Entering directory '/home/ouji/build-DIscord-encryption-gui-Desktop-Minimum-Size-Release/CMakeFiles/CMakeTmp']
  ignore line: [Building CXX object CMakeFiles/cmTC_6cdac.dir/CMakeCXXCompilerABI.cpp.o]
  ignore line: [/bin/g++    -v -o CMakeFiles/cmTC_6cdac.dir/CMakeCXXCompilerABI.cpp.o -c /usr/share/cmake-3.15/Modules/CMakeCXXCompilerABI.cpp]
  ignore line: [Using built-in specs.]
  ignore line: [COLLECT_GCC=/bin/g++]
  ignore line: [Target: x86_64-unknown-linux-gnu]
  ignore line: [Configured with: /builddir/gcc-9.2.0/configure --build=x86_64-unknown-linux-gnu --enable-fast-character --enable-vtable-verify --prefix=/usr --mandir=/usr/share/man --infodir=/usr/share/info --libexecdir=/usr/lib --libdir=/usr/lib --enable-threads=posix --enable-__cxa_atexit --disable-multilib --with-system-zlib --enable-shared --enable-lto --enable-plugins --enable-linker-build-id --disable-werror --disable-nls --enable-default-pie --enable-default-ssp --enable-checking=release --disable-libstdcxx-pch --with-isl --with-linker-hash-style=gnu --disable-libunwind-exceptions --disable-target-libiberty --enable-serial-configure --enable-languages=c,c++,objc,obj-c++,fortran,lto,go,ada]
  ignore line: [Thread model: posix]
  ignore line: [gcc version 9.2.0 (GCC) ]
  ignore line: [COLLECT_GCC_OPTIONS='-v' '-o' 'CMakeFiles/cmTC_6cdac.dir/CMakeCXXCompilerABI.cpp.o' '-c' '-shared-libgcc' '-mtune=generic' '-march=x86-64']
  ignore line: [ /usr/lib/gcc/x86_64-unknown-linux-gnu/9.2.0/cc1plus -quiet -v -D_GNU_SOURCE /usr/share/cmake-3.15/Modules/CMakeCXXCompilerABI.cpp -quiet -dumpbase CMakeCXXCompilerABI.cpp -mtune=generic -march=x86-64 -auxbase-strip CMakeFiles/cmTC_6cdac.dir/CMakeCXXCompilerABI.cpp.o -version -o /tmp/cciIcWbT.s]
  ignore line: [GNU C++14 (GCC) version 9.2.0 (x86_64-unknown-linux-gnu)]
  ignore line: [	compiled by GNU C version 9.2.0, GMP version 6.1.2, MPFR version 4.0.2, MPC version 1.1.0, isl version isl-0.21-GMP]
  ignore line: []
  ignore line: [GGC heuristics: --param ggc-min-expand=100 --param ggc-min-heapsize=131072]
  ignore line: [ignoring nonexistent directory "/usr/lib/gcc/x86_64-unknown-linux-gnu/9.2.0/../../../../x86_64-unknown-linux-gnu/include"]
  ignore line: [#include "..." search starts here:]
  ignore line: [#include <...> search starts here:]
  ignore line: [ /usr/lib/gcc/x86_64-unknown-linux-gnu/9.2.0/../../../../include/c++/9.2.0]
  ignore line: [ /usr/lib/gcc/x86_64-unknown-linux-gnu/9.2.0/../../../../include/c++/9.2.0/x86_64-unknown-linux-gnu]
  ignore line: [ /usr/lib/gcc/x86_64-unknown-linux-gnu/9.2.0/../../../../include/c++/9.2.0/backward]
  ignore line: [ /usr/lib/gcc/x86_64-unknown-linux-gnu/9.2.0/include]
  ignore line: [ /usr/local/include]
  ignore line: [ /usr/lib/gcc/x86_64-unknown-linux-gnu/9.2.0/include-fixed]
  ignore line: [ /usr/include]
  ignore line: [End of search list.]
  ignore line: [GNU C++14 (GCC) version 9.2.0 (x86_64-unknown-linux-gnu)]
  ignore line: [	compiled by GNU C version 9.2.0, GMP version 6.1.2, MPFR version 4.0.2, MPC version 1.1.0, isl version isl-0.21-GMP]
  ignore line: []
  ignore line: [GGC heuristics: --param ggc-min-expand=100 --param ggc-min-heapsize=131072]
  ignore line: [Compiler executable checksum: 5ec41adeaaf96eb817b66844eac8986a]
  ignore line: [COLLECT_GCC_OPTIONS='-v' '-o' 'CMakeFiles/cmTC_6cdac.dir/CMakeCXXCompilerABI.cpp.o' '-c' '-shared-libgcc' '-mtune=generic' '-march=x86-64']
  ignore line: [ as -v --64 -o CMakeFiles/cmTC_6cdac.dir/CMakeCXXCompilerABI.cpp.o /tmp/cciIcWbT.s]
  ignore line: [GNU assembler version 2.33.1 (x86_64-unknown-linux-gnu) using BFD version (GNU Binutils) 2.33.1]
  ignore line: [COMPILER_PATH=/usr/lib/gcc/x86_64-unknown-linux-gnu/9.2.0/:/usr/lib/gcc/x86_64-unknown-linux-gnu/9.2.0/:/usr/lib/gcc/x86_64-unknown-linux-gnu/:/usr/lib/gcc/x86_64-unknown-linux-gnu/9.2.0/:/usr/lib/gcc/x86_64-unknown-linux-gnu/]
  ignore line: [LIBRARY_PATH=/usr/lib/gcc/x86_64-unknown-linux-gnu/9.2.0/:/usr/lib/gcc/x86_64-unknown-linux-gnu/9.2.0/../../../../lib/:/lib/../lib/:/usr/lib/../lib/:/usr/lib/gcc/x86_64-unknown-linux-gnu/9.2.0/../../../:/lib/:/usr/lib/]
  ignore line: [COLLECT_GCC_OPTIONS='-v' '-o' 'CMakeFiles/cmTC_6cdac.dir/CMakeCXXCompilerABI.cpp.o' '-c' '-shared-libgcc' '-mtune=generic' '-march=x86-64']
  ignore line: [Linking CXX executable cmTC_6cdac]
  ignore line: [/usr/bin/cmake -E cmake_link_script CMakeFiles/cmTC_6cdac.dir/link.txt --verbose=1]
  ignore line: [/bin/g++      -v CMakeFiles/cmTC_6cdac.dir/CMakeCXXCompilerABI.cpp.o  -o cmTC_6cdac ]
  ignore line: [Using built-in specs.]
  ignore line: [COLLECT_GCC=/bin/g++]
  ignore line: [COLLECT_LTO_WRAPPER=/usr/lib/gcc/x86_64-unknown-linux-gnu/9.2.0/lto-wrapper]
  ignore line: [Target: x86_64-unknown-linux-gnu]
  ignore line: [Configured with: /builddir/gcc-9.2.0/configure --build=x86_64-unknown-linux-gnu --enable-fast-character --enable-vtable-verify --prefix=/usr --mandir=/usr/share/man --infodir=/usr/share/info --libexecdir=/usr/lib --libdir=/usr/lib --enable-threads=posix --enable-__cxa_atexit --disable-multilib --with-system-zlib --enable-shared --enable-lto --enable-plugins --enable-linker-build-id --disable-werror --disable-nls --enable-default-pie --enable-default-ssp --enable-checking=release --disable-libstdcxx-pch --with-isl --with-linker-hash-style=gnu --disable-libunwind-exceptions --disable-target-libiberty --enable-serial-configure --enable-languages=c,c++,objc,obj-c++,fortran,lto,go,ada]
  ignore line: [Thread model: posix]
  ignore line: [gcc version 9.2.0 (GCC) ]
  ignore line: [COMPILER_PATH=/usr/lib/gcc/x86_64-unknown-linux-gnu/9.2.0/:/usr/lib/gcc/x86_64-unknown-linux-gnu/9.2.0/:/usr/lib/gcc/x86_64-unknown-linux-gnu/:/usr/lib/gcc/x86_64-unknown-linux-gnu/9.2.0/:/usr/lib/gcc/x86_64-unknown-linux-gnu/]
  ignore line: [LIBRARY_PATH=/usr/lib/gcc/x86_64-unknown-linux-gnu/9.2.0/:/usr/lib/gcc/x86_64-unknown-linux-gnu/9.2.0/../../../../lib/:/lib/../lib/:/usr/lib/../lib/:/usr/lib/gcc/x86_64-unknown-linux-gnu/9.2.0/../../../:/lib/:/usr/lib/]
  ignore line: [COLLECT_GCC_OPTIONS='-v' '-o' 'cmTC_6cdac' '-shared-libgcc' '-mtune=generic' '-march=x86-64']
  link line: [ /usr/lib/gcc/x86_64-unknown-linux-gnu/9.2.0/collect2 -plugin /usr/lib/gcc/x86_64-unknown-linux-gnu/9.2.0/liblto_plugin.so -plugin-opt=/usr/lib/gcc/x86_64-unknown-linux-gnu/9.2.0/lto-wrapper -plugin-opt=-fresolution=/tmp/ccAaAhzk.res -plugin-opt=-pass-through=-lgcc_s -plugin-opt=-pass-through=-lgcc -plugin-opt=-pass-through=-lc -plugin-opt=-pass-through=-lgcc_s -plugin-opt=-pass-through=-lgcc --build-id --eh-frame-hdr --hash-style=gnu -m elf_x86_64 -dynamic-linker /lib/ld-linux-x86-64.so.2 -pie -o cmTC_6cdac /usr/lib/gcc/x86_64-unknown-linux-gnu/9.2.0/../../../../lib/Scrt1.o /usr/lib/gcc/x86_64-unknown-linux-gnu/9.2.0/../../../../lib/crti.o /usr/lib/gcc/x86_64-unknown-linux-gnu/9.2.0/crtbeginS.o -L/usr/lib/gcc/x86_64-unknown-linux-gnu/9.2.0 -L/usr/lib/gcc/x86_64-unknown-linux-gnu/9.2.0/../../../../lib -L/lib/../lib -L/usr/lib/../lib -L/usr/lib/gcc/x86_64-unknown-linux-gnu/9.2.0/../../.. CMakeFiles/cmTC_6cdac.dir/CMakeCXXCompilerABI.cpp.o -lstdc++ -lm -lgcc_s -lgcc -lc -lgcc_s -lgcc /usr/lib/gcc/x86_64-unknown-linux-gnu/9.2.0/crtendS.o /usr/lib/gcc/x86_64-unknown-linux-gnu/9.2.0/../../../../lib/crtn.o]
    arg [/usr/lib/gcc/x86_64-unknown-linux-gnu/9.2.0/collect2] ==> ignore
    arg [-plugin] ==> ignore
    arg [/usr/lib/gcc/x86_64-unknown-linux-gnu/9.2.0/liblto_plugin.so] ==> ignore
    arg [-plugin-opt=/usr/lib/gcc/x86_64-unknown-linux-gnu/9.2.0/lto-wrapper] ==> ignore
    arg [-plugin-opt=-fresolution=/tmp/ccAaAhzk.res] ==> ignore
    arg [-plugin-opt=-pass-through=-lgcc_s] ==> ignore
    arg [-plugin-opt=-pass-through=-lgcc] ==> ignore
    arg [-plugin-opt=-pass-through=-lc] ==> ignore
    arg [-plugin-opt=-pass-through=-lgcc_s] ==> ignore
    arg [-plugin-opt=-pass-through=-lgcc] ==> ignore
    arg [--build-id] ==> ignore
    arg [--eh-frame-hdr] ==> ignore
    arg [--hash-style=gnu] ==> ignore
    arg [-m] ==> ignore
    arg [elf_x86_64] ==> ignore
    arg [-dynamic-linker] ==> ignore
    arg [/lib/ld-linux-x86-64.so.2] ==> ignore
    arg [-pie] ==> ignore
    arg [-o] ==> ignore
    arg [cmTC_6cdac] ==> ignore
    arg [/usr/lib/gcc/x86_64-unknown-linux-gnu/9.2.0/../../../../lib/Scrt1.o] ==> ignore
    arg [/usr/lib/gcc/x86_64-unknown-linux-gnu/9.2.0/../../../../lib/crti.o] ==> ignore
    arg [/usr/lib/gcc/x86_64-unknown-linux-gnu/9.2.0/crtbeginS.o] ==> ignore
    arg [-L/usr/lib/gcc/x86_64-unknown-linux-gnu/9.2.0] ==> dir [/usr/lib/gcc/x86_64-unknown-linux-gnu/9.2.0]
    arg [-L/usr/lib/gcc/x86_64-unknown-linux-gnu/9.2.0/../../../../lib] ==> dir [/usr/lib/gcc/x86_64-unknown-linux-gnu/9.2.0/../../../../lib]
    arg [-L/lib/../lib] ==> dir [/lib/../lib]
    arg [-L/usr/lib/../lib] ==> dir [/usr/lib/../lib]
    arg [-L/usr/lib/gcc/x86_64-unknown-linux-gnu/9.2.0/../../..] ==> dir [/usr/lib/gcc/x86_64-unknown-linux-gnu/9.2.0/../../..]
    arg [CMakeFiles/cmTC_6cdac.dir/CMakeCXXCompilerABI.cpp.o] ==> ignore
    arg [-lstdc++] ==> lib [stdc++]
    arg [-lm] ==> lib [m]
    arg [-lgcc_s] ==> lib [gcc_s]
    arg [-lgcc] ==> lib [gcc]
    arg [-lc] ==> lib [c]
    arg [-lgcc_s] ==> lib [gcc_s]
    arg [-lgcc] ==> lib [gcc]
    arg [/usr/lib/gcc/x86_64-unknown-linux-gnu/9.2.0/crtendS.o] ==> ignore
    arg [/usr/lib/gcc/x86_64-unknown-linux-gnu/9.2.0/../../../../lib/crtn.o] ==> ignore
  collapse library dir [/usr/lib/gcc/x86_64-unknown-linux-gnu/9.2.0] ==> [/usr/lib/gcc/x86_64-unknown-linux-gnu/9.2.0]
  collapse library dir [/usr/lib/gcc/x86_64-unknown-linux-gnu/9.2.0/../../../../lib] ==> [/usr/lib]
  collapse library dir [/lib/../lib] ==> [/lib]
  collapse library dir [/usr/lib/../lib] ==> [/usr/lib]
  collapse library dir [/usr/lib/gcc/x86_64-unknown-linux-gnu/9.2.0/../../..] ==> [/usr/lib]
  implicit libs: [stdc++;m;gcc_s;gcc;c;gcc_s;gcc]
  implicit dirs: [/usr/lib/gcc/x86_64-unknown-linux-gnu/9.2.0;/usr/lib;/lib]
  implicit fwks: []


